17:49:33.748 [main                     ] DEBUG Logger               - Configured Logger
17:49:33.768 [main                     ] DEBUG GameApplication      - Logging settings
Title: Basic Game
Version: 0.1
Width: 1000
Height: 1000
Fullscreen: false
Intro: false
Profiling: false
Single step:false
App Mode: DEVELOPER
Menu Key: ESCAPE
Stage Style: DECORATED
Scene Factory: class com.almasb.fxgl.app.scene.SceneFactory

17:49:34.052 [JavaFX Application Thread] DEBUG FXGLApplication      - Initializing FXGL
17:49:34.055 [JavaFX Application Thread] INFO  Engine               - FXGL-21.1 (27.03.2024 07.52) on WINDOWS (J:23.0.2 FX:21.0.6)
17:49:34.055 [JavaFX Application Thread] DEBUG Engine               - JRE Vendor Name: Eclipse Adoptium
17:49:34.056 [JavaFX Application Thread] DEBUG Engine               - Running on OS: Windows 11 version 10.0
17:49:34.056 [JavaFX Application Thread] DEBUG Engine               - Architecture: amd64
17:49:34.056 [JavaFX Application Thread] INFO  Engine               - Source code and latest versions at: https://github.com/AlmasB/FXGL
17:49:34.056 [JavaFX Application Thread] INFO  Engine               -       Ask questions and discuss at: https://github.com/AlmasB/FXGL/discussions
17:49:34.056 [JavaFX Application Thread] INFO  Engine               -              Join the FXGL chat at: https://gitter.im/AlmasB/FXGL
17:49:34.132 [JavaFX Application Thread] DEBUG PrimaryStageWindow   - Creating a JavaFX scene
17:49:34.181 [JavaFX Application Thread] DEBUG PrimaryStageWindow   - Target settings size: 1000.0 x 1000.0
17:49:34.181 [JavaFX Application Thread] DEBUG PrimaryStageWindow   - Scaled scene size:    1000.0 x 1000.0
17:49:34.182 [JavaFX Application Thread] DEBUG PrimaryStageWindow   - Scaled ratio: (1.0, 1.0)
17:49:34.182 [JavaFX Application Thread] DEBUG PrimaryStageWindow   - Set initial scene to FXGLStartupScene
17:49:34.185 [JavaFX Application Thread] DEBUG PrimaryStageWindow   - Opening main window
17:49:34.268 [JavaFX Application Thread] DEBUG PrimaryStageWindow   - Window border size: (16.0, 39.0)
17:49:34.268 [JavaFX Application Thread] DEBUG PrimaryStageWindow   - Scaled size: 1000.0 x 1000.0
17:49:34.269 [JavaFX Application Thread] DEBUG PrimaryStageWindow   - Scaled ratio: (1.0, 1.0)
17:49:34.269 [JavaFX Application Thread] DEBUG PrimaryStageWindow   - Scene size: 1000.0 x 1000.0
17:49:34.269 [JavaFX Application Thread] DEBUG PrimaryStageWindow   - Stage size: 1016.0 x 1039.0
17:49:34.275 [FXGL Background Thread 1 ] DEBUG Engine               - Initializing environment variables
17:49:34.372 [FXGL Background Thread 1 ] DEBUG FXGLAssetLoaderServi - User app class for loading assets: class com.qwerty55558.javagame.MyBasic
17:49:34.373 [FXGL Background Thread 1 ] DEBUG GameApplicationServi - Applying CSS: fxgl_dark.css
17:49:34.374 [FXGL Background Thread 1 ] DEBUG FXGLAssetLoaderServi - Loading from file system: jar:file:///C:/Users/Admin/.gradle/caches/modules-2/files-2.1/com.github.almasb/fxgl/21.1/88c288ebc8641e470d974327703f09f8958e725d/fxgl-21.1.jar!/fxglassets/ui/css/fxgl_dark.css
17:49:34.420 [FXGL Background Thread 1 ] DEBUG GameApplicationServi - Initializing application scenes
17:49:34.497 [FXGL Background Thread 1 ] DEBUG GameWorld            - Game world initialized
17:49:34.548 [FXGL Background Thread 1 ] DEBUG PhysicsWorld         - Physics world initialized: appHeight=1000, physics.ppm=50.0
17:49:34.548 [FXGL Background Thread 1 ] DEBUG PhysicsWorld         - Using strategy: BRUTE_FORCE
17:49:34.550 [FXGL Background Thread 1 ] DEBUG GameScene            - Game scene initialized: 1000x1000
17:49:34.558 [FXGL Background Thread 1 ] DEBUG FXGL.DefaultMenu     - createMenuBodyGameMenu()
17:49:34.571 [FXGL Background Thread 1 ] DEBUG FXGL.DefaultMenu     - createOptionsMenu()
17:49:34.579 [FXGL Background Thread 1 ] DEBUG FXGLAssetLoaderServi - Loading from file system: jar:file:///C:/Users/Admin/.gradle/caches/modules-2/files-2.1/com.github.almasb/fxgl/21.1/88c288ebc8641e470d974327703f09f8958e725d/fxgl-21.1.jar!/fxglassets/textures/particles/smoke.png
17:49:34.681 [FXGL Background Thread 1 ] DEBUG FXGLAssetLoaderServi - Loading from file system: jar:file:///C:/Users/Admin/.gradle/caches/modules-2/files-2.1/com.github.almasb/fxgl/21.1/88c288ebc8641e470d974327703f09f8958e725d/fxgl-21.1.jar!/fxglassets/textures/particles/trace_horizontal.png
17:49:34.714 [FXGL Background Thread 1 ] DEBUG GameApplicationServi - Application scenes initialized
17:49:34.725 [FXGL Background Thread 1 ] DEBUG SystemBundleService  - Loading FXGL system data
17:49:34.728 [FXGL Background Thread 1 ] DEBUG FileSystemAccess     - Reading from: C:\projects\JavaFxGame\system\fxgl.bundle
17:49:34.734 [FXGL Background Thread 1 ] DEBUG SystemBundleService  - Bundle FXGL: {}
17:49:34.734 [FXGL Background Thread 1 ] DEBUG UpdaterService       - Checking for updates
17:49:34.737 [FXGL Background Thread 4 ] DEBUG FXGLApplication      - Loading fonts
17:49:34.738 [FXGL Background Thread 4 ] DEBUG FXGLAssetLoaderServi - Loading from file system: jar:file:///C:/Users/Admin/.gradle/caches/modules-2/files-2.1/com.github.almasb/fxgl/21.1/88c288ebc8641e470d974327703f09f8958e725d/fxgl-21.1.jar!/fxglassets/ui/fonts/VarelaRound-Regular.ttf
17:49:34.738 [FXGL Background Thread 1 ] DEBUG FXGLApplication      - Loading default localization
17:49:34.738 [FXGL Background Thread 1 ] DEBUG FXGLAssetLoaderServi - Loading from file system: jar:file:///C:/Users/Admin/.gradle/caches/modules-2/files-2.1/com.github.almasb/fxgl/21.1/88c288ebc8641e470d974327703f09f8958e725d/fxgl-21.1.jar!/fxglassets/languages/english.lang
17:49:34.763 [FXGL Background Thread 1 ] INFO  FXGLApplication      - FXGL initialization took: 0.488 sec
17:49:34.780 [JavaFX Application Thread] DEBUG Input                - Registered new binding: RIGHT - D
17:49:34.780 [JavaFX Application Thread] DEBUG Input                - Registered new binding: LEFT - A
17:49:34.780 [JavaFX Application Thread] DEBUG Input                - Registered new binding: UP - W
17:49:34.780 [JavaFX Application Thread] DEBUG Input                - Registered new binding: DOWN - S
17:49:34.781 [JavaFX Application Thread] DEBUG FXGLAssetLoaderServi - Loading from file system: jar:file:///C:/Users/Admin/.gradle/caches/modules-2/files-2.1/com.github.almasb/fxgl/21.1/88c288ebc8641e470d974327703f09f8958e725d/fxgl-21.1.jar!/fxglassets/textures/fxgl_icon.png
17:49:34.801 [JavaFX Application Thread] DEBUG FXGLAssetLoaderServi - Loading from file system: jar:file:///C:/Users/Admin/.gradle/caches/modules-2/files-2.1/com.github.almasb/fxgl/21.1/88c288ebc8641e470d974327703f09f8958e725d/fxgl-21.1.jar!/fxglassets/textures/fxgl_default_cursor.png
17:49:34.806 [JavaFX Application Thread] DEBUG Input                - Registered new binding: Screenshot - CTRL+8
17:49:34.808 [JavaFX Application Thread] DEBUG Input                - Registered new binding: System info dump - CTRL+9
17:49:34.808 [JavaFX Application Thread] DEBUG Input                - Registered new binding: Restart - CTRL+R
17:49:34.810 [JavaFX Application Thread] DEBUG Input                - Registered new binding: Toggle Debug Camera - CTRL+7
17:49:34.812 [JavaFX Application Thread] DEBUG LoopRunner           - Starting loop
17:49:34.813 [JavaFX Application Thread] DEBUG LoopRunner           - Initializing JavaFX AnimationTimerLoop
17:49:34.813 [JavaFX Application Thread] DEBUG GameApplicationServi - Starting new game
17:49:34.814 [JavaFX Application Thread] DEBUG Input                - Clearing active input actions
17:49:34.817 [FXGL Background Thread 4 ] DEBUG FXGLAssetLoaderServi - Loading from file system: jar:file:///C:/Users/Admin/.gradle/caches/modules-2/files-2.1/com.github.almasb/fxgl/21.1/88c288ebc8641e470d974327703f09f8958e725d/fxgl-21.1.jar!/fxglassets/ui/fonts/Abel-Regular.ttf
17:49:34.829 [JavaFX Application Thread] DEBUG GameApplicationServi - Removing overlay from FXGLStartupScene and adding to FXGLLoadingScene
17:49:34.830 [JavaFX Application Thread] DEBUG PrimaryStageWindow   - FXGLStartupScene -> FXGLLoadingScene
17:49:34.830 [JavaFX Application Thread] DEBUG GameApplicationServi - Clearing previous game
17:49:34.830 [JavaFX Application Thread] DEBUG GameScene            - Clearing game scene
17:49:34.830 [JavaFX Application Thread] DEBUG GameWorld            - Clearing game world
17:49:34.830 [JavaFX Application Thread] DEBUG PhysicsWorld         - Clearing physics world
17:49:34.831 [FXGL Background Thread 1 ] DEBUG FXGLApplication      - Initializing game
17:49:34.838 [FXGL Background Thread 4 ] DEBUG FXGLAssetLoaderServi - Loading from file system: jar:file:///C:/Users/Admin/.gradle/caches/modules-2/files-2.1/com.github.almasb/fxgl/21.1/88c288ebc8641e470d974327703f09f8958e725d/fxgl-21.1.jar!/fxglassets/ui/fonts/TerminalLandMono-Regular.otf
17:49:34.856 [FXGL Background Thread 1 ] DEBUG FXGLAssetLoaderServi - Loading from file system: file:/C:/projects/JavaFxGame/build/resources/main/assets/textures/monk/Run.png
17:49:34.856 [FXGL Background Thread 4 ] DEBUG FXGLAssetLoaderServi - Loading from file system: jar:file:///C:/Users/Admin/.gradle/caches/modules-2/files-2.1/com.github.almasb/fxgl/21.1/88c288ebc8641e470d974327703f09f8958e725d/fxgl-21.1.jar!/fxglassets/ui/fonts/Courier-Prime.ttf
17:49:34.868 [FXGL Background Thread 1 ] DEBUG FXGLAssetLoaderServi - Loading from file system: file:/C:/projects/JavaFxGame/build/resources/main/assets/textures/monk/Idle.png
17:49:34.908 [JavaFX Application Thread] DEBUG FXGLApplication      - Registering font factories with UI factory
17:49:34.929 [FXGL Background Thread 1 ] DEBUG FXGLAssetLoaderServi - Loading from file system: file:/C:/projects/JavaFxGame/build/resources/main/assets/textures/coin.png
17:49:34.934 [FXGL Background Thread 1 ] DEBUG FXGLAssetLoaderServi - Loading from file system: file:/C:/projects/JavaFxGame/build/resources/main/assets/textures/brick.png
17:49:34.936 [FXGL Background Thread 1 ] INFO  FXGLApplication      - Game initialization took: 0.104 sec
17:49:35.000 [JavaFX Application Thread] DEBUG Input                - Clearing active input actions
17:49:35.012 [JavaFX Application Thread] DEBUG GameApplicationServi - Removing overlay from FXGLLoadingScene and adding to GameScene
17:49:35.012 [JavaFX Application Thread] DEBUG PrimaryStageWindow   - FXGLLoadingScene -> GameScene
17:49:36.588 [JavaFX Application Thread] DEBUG FXGLAssetLoaderServi - Loading from file system: file:/C:/projects/JavaFxGame/build/resources/main/assets/sounds/coin.wav
17:49:37.736 [FXGL Background Thread 3 ] DEBUG Engine               - Logging environment variables
17:49:37.736 [FXGL Background Thread 3 ] DEBUG Engine               - achievements: []
17:49:37.736 [FXGL Background Thread 3 ] DEBUG Engine               - actualHeight: 1000.0
17:49:37.738 [FXGL Background Thread 3 ] DEBUG Engine               - actualHeightProperty: ReadOnlyDoubleProperty [value: 1000.0]
17:49:37.738 [FXGL Background Thread 3 ] DEBUG Engine               - actualWidth: 1000.0
17:49:37.738 [FXGL Background Thread 3 ] DEBUG Engine               - actualWidthProperty: ReadOnlyDoubleProperty [value: 1000.0]
17:49:37.738 [FXGL Background Thread 3 ] DEBUG Engine               - appIcon: fxgl_icon.png
17:49:37.738 [FXGL Background Thread 3 ] DEBUG Engine               - applicationMode: DEVELOPER
17:49:37.738 [FXGL Background Thread 3 ] DEBUG Engine               - cSSList: [fxgl_dark.css]
17:49:37.738 [FXGL Background Thread 3 ] DEBUG Engine               - collisionDetectionStrategy: BRUTE_FORCE
17:49:37.738 [FXGL Background Thread 3 ] DEBUG Engine               - configClass: Optional.empty
17:49:37.738 [FXGL Background Thread 3 ] DEBUG Engine               - credits: []
17:49:37.738 [FXGL Background Thread 3 ] DEBUG Engine               - defaultCursor: CursorInfo(imageName=fxgl_default_cursor.png, hotspotX=7.0, hotspotY=6.0)
17:49:37.738 [FXGL Background Thread 3 ] DEBUG Engine               - devBBoxColorProperty: ObjectProperty [value: 0xff0000ff]
17:49:37.738 [FXGL Background Thread 3 ] DEBUG Engine               - devEnableDebugCameraProperty: BooleanProperty [value: false]
17:49:37.739 [FXGL Background Thread 3 ] DEBUG Engine               - devSensorColorProperty: ObjectProperty [value: 0xffff00ff]
17:49:37.739 [FXGL Background Thread 3 ] DEBUG Engine               - devShowBBoxProperty: BooleanProperty [value: false]
17:49:37.739 [FXGL Background Thread 3 ] DEBUG Engine               - devShowPositionProperty: BooleanProperty [value: false]
17:49:37.739 [FXGL Background Thread 3 ] DEBUG Engine               - enabledMenuItems: []
17:49:37.739 [FXGL Background Thread 3 ] DEBUG Engine               - engineServices: [class com.almasb.fxgl.app.services.FXGLAssetLoaderService, class com.almasb.fxgl.app.FXGLApplication$GameApplicationService, class com.almasb.fxgl.app.services.FXGLDialogService, class com.almasb.fxgl.app.services.IOTaskExecutorService, class com.almasb.fxgl.io.FileSystemService, class com.almasb.fxgl.localization.LocalizationService, class com.almasb.fxgl.app.services.SystemBundleService, class com.almasb.fxgl.profile.SaveLoadService, class com.almasb.fxgl.ui.FXGLUIFactoryServiceProvider, class com.almasb.fxgl.ui.FXGLDialogFactoryServiceProvider, class com.almasb.fxgl.audio.AudioPlayer, class com.almasb.fxgl.notification.impl.NotificationServiceProvider, class com.almasb.fxgl.achievement.AchievementService, class com.almasb.fxgl.cutscene.CutsceneService, class com.almasb.fxgl.minigames.MiniGameService, class com.almasb.fxgl.net.NetService, class com.almasb.fxgl.app.services.UpdaterService, class com.almasb.fxgl.dev.DevService]
17:49:37.739 [FXGL Background Thread 3 ] DEBUG Engine               - fontGame: Abel-Regular.ttf
17:49:37.739 [FXGL Background Thread 3 ] DEBUG Engine               - fontMono: TerminalLandMono-Regular.otf
17:49:37.739 [FXGL Background Thread 3 ] DEBUG Engine               - fontSizeScaleUI: 1.0
17:49:37.739 [FXGL Background Thread 3 ] DEBUG Engine               - fontText: Courier-Prime.ttf
17:49:37.739 [FXGL Background Thread 3 ] DEBUG Engine               - fontUI: VarelaRound-Regular.ttf
17:49:37.739 [FXGL Background Thread 3 ] DEBUG Engine               - fullScreen: BooleanProperty [value: false]
17:49:37.739 [FXGL Background Thread 3 ] DEBUG Engine               - gameDifficulty: MEDIUM
17:49:37.739 [FXGL Background Thread 3 ] DEBUG Engine               - gameDifficultyProperty: ObjectProperty [value: MEDIUM]
17:49:37.740 [FXGL Background Thread 3 ] DEBUG Engine               - globalMusicVolume: 0.5
17:49:37.740 [FXGL Background Thread 3 ] DEBUG Engine               - globalMusicVolumeProperty: DoubleProperty [value: 0.5]
17:49:37.740 [FXGL Background Thread 3 ] DEBUG Engine               - globalSoundVolume: 0.5
17:49:37.740 [FXGL Background Thread 3 ] DEBUG Engine               - globalSoundVolumeProperty: DoubleProperty [value: 0.5]
17:49:37.740 [FXGL Background Thread 3 ] DEBUG Engine               - height: 1000
17:49:37.740 [FXGL Background Thread 3 ] DEBUG Engine               - is3D: false
17:49:37.740 [FXGL Background Thread 3 ] DEBUG Engine               - isAndroid: false
17:49:37.740 [FXGL Background Thread 3 ] DEBUG Engine               - isBrowser: false
17:49:37.740 [FXGL Background Thread 3 ] DEBUG Engine               - isClickFeedbackEnabled: false
17:49:37.740 [FXGL Background Thread 3 ] DEBUG Engine               - isCloseConfirmation: false
17:49:37.740 [FXGL Background Thread 3 ] DEBUG Engine               - isDesktop: true
17:49:37.740 [FXGL Background Thread 3 ] DEBUG Engine               - isDeveloperMenuEnabled: false
17:49:37.740 [FXGL Background Thread 3 ] DEBUG Engine               - isEmbedded: false
17:49:37.740 [FXGL Background Thread 3 ] DEBUG Engine               - isEntityPreloadEnabled: true
17:49:37.740 [FXGL Background Thread 3 ] DEBUG Engine               - isExperimentalTiledLargeMap: false
17:49:37.741 [FXGL Background Thread 3 ] DEBUG Engine               - isFileSystemWriteAllowed: true
17:49:37.741 [FXGL Background Thread 3 ] DEBUG Engine               - isFullScreenAllowed: false
17:49:37.741 [FXGL Background Thread 3 ] DEBUG Engine               - isFullScreenFromStart: false
17:49:37.741 [FXGL Background Thread 3 ] DEBUG Engine               - isGameMenuEnabled: true
17:49:37.741 [FXGL Background Thread 3 ] DEBUG Engine               - isIOS: false
17:49:37.741 [FXGL Background Thread 3 ] DEBUG Engine               - isIntroEnabled: false
17:49:37.741 [FXGL Background Thread 3 ] DEBUG Engine               - isLinux: false
17:49:37.741 [FXGL Background Thread 3 ] DEBUG Engine               - isMac: false
17:49:37.741 [FXGL Background Thread 3 ] DEBUG Engine               - isMainMenuEnabled: false
17:49:37.741 [FXGL Background Thread 3 ] DEBUG Engine               - isManualResizeEnabled: false
17:49:37.741 [FXGL Background Thread 3 ] DEBUG Engine               - isMobile: false
17:49:37.741 [FXGL Background Thread 3 ] DEBUG Engine               - isNative: false
17:49:37.741 [FXGL Background Thread 3 ] DEBUG Engine               - isPauseMusicWhenMinimized: true
17:49:37.741 [FXGL Background Thread 3 ] DEBUG Engine               - isPreserveResizeRatio: false
17:49:37.741 [FXGL Background Thread 3 ] DEBUG Engine               - isProfilingEnabled: false
17:49:37.741 [FXGL Background Thread 3 ] DEBUG Engine               - isScaleAffectedOnResize: true
17:49:37.741 [FXGL Background Thread 3 ] DEBUG Engine               - isSingleStep: false
17:49:37.741 [FXGL Background Thread 3 ] DEBUG Engine               - isUserProfileEnabled: false
17:49:37.741 [FXGL Background Thread 3 ] DEBUG Engine               - isWindows: true
17:49:37.741 [FXGL Background Thread 3 ] DEBUG Engine               - language: ObjectProperty [value: ENGLISH]
17:49:37.741 [FXGL Background Thread 3 ] DEBUG Engine               - menuKey: ESCAPE
17:49:37.741 [FXGL Background Thread 3 ] DEBUG Engine               - mouseSensitivity: 0.2
17:49:37.741 [FXGL Background Thread 3 ] DEBUG Engine               - notificationViewClass: class com.almasb.fxgl.notification.view.XboxNotificationView
17:49:37.741 [FXGL Background Thread 3 ] DEBUG Engine               - pixelsPerMeter: 50.0
17:49:37.741 [FXGL Background Thread 3 ] DEBUG Engine               - platform: WINDOWS
17:49:37.741 [FXGL Background Thread 3 ] DEBUG Engine               - prefHeightProperty: ReadOnlyDoubleProperty [value: 1000.0]
17:49:37.742 [FXGL Background Thread 3 ] DEBUG Engine               - prefWidthProperty: ReadOnlyDoubleProperty [value: 1000.0]
17:49:37.742 [FXGL Background Thread 3 ] DEBUG Engine               - profileDir: profiles/
17:49:37.742 [FXGL Background Thread 3 ] DEBUG Engine               - profileName: StringProperty [value: DEFAULT]
17:49:37.742 [FXGL Background Thread 3 ] DEBUG Engine               - randomSeed: -1
17:49:37.742 [FXGL Background Thread 3 ] DEBUG Engine               - runtimeInfo: RuntimeInfo(platform=WINDOWS, version=21.1, build=27.03.2024 07.52)
17:49:37.742 [FXGL Background Thread 3 ] DEBUG Engine               - saveFileExt: sav
17:49:37.742 [FXGL Background Thread 3 ] DEBUG Engine               - scaledHeightProp$fxgl: DoubleProperty [bound, value: 1000.0]
17:49:37.742 [FXGL Background Thread 3 ] DEBUG Engine               - scaledWidthProp$fxgl: DoubleProperty [bound, value: 1000.0]
17:49:37.742 [FXGL Background Thread 3 ] DEBUG Engine               - sceneFactory: com.almasb.fxgl.app.scene.SceneFactory@3bd65ee6
17:49:37.742 [FXGL Background Thread 3 ] DEBUG Engine               - secondsIn24h: 60
17:49:37.742 [FXGL Background Thread 3 ] DEBUG Engine               - soundMenuBack: menu/back.wav
17:49:37.742 [FXGL Background Thread 3 ] DEBUG Engine               - soundMenuPress: menu/press.wav
17:49:37.742 [FXGL Background Thread 3 ] DEBUG Engine               - soundMenuSelect: menu/select.wav
17:49:37.742 [FXGL Background Thread 3 ] DEBUG Engine               - soundNotification: core/notification.wav
17:49:37.742 [FXGL Background Thread 3 ] DEBUG Engine               - stageStyle: DECORATED
17:49:37.742 [FXGL Background Thread 3 ] DEBUG Engine               - supportedLanguages: [ENGLISH, FRENCH, GERMAN, HUNGARIAN, RUSSIAN]
17:49:37.742 [FXGL Background Thread 3 ] DEBUG Engine               - ticksPerSecond: -1
17:49:37.742 [FXGL Background Thread 3 ] DEBUG Engine               - title: Basic Game
17:49:37.742 [FXGL Background Thread 3 ] DEBUG Engine               - urlGithub: https://github.com/AlmasB/FXGL
17:49:37.742 [FXGL Background Thread 3 ] DEBUG Engine               - urlLeaderboard: http://fxgl-top.herokuapp.com/
17:49:37.742 [FXGL Background Thread 3 ] DEBUG Engine               - urlPOM: https://raw.githubusercontent.com/AlmasB/FXGL/release/README.md
17:49:37.743 [FXGL Background Thread 3 ] DEBUG Engine               - userAppClass: class com.qwerty55558.javagame.MyBasic
17:49:37.743 [FXGL Background Thread 3 ] DEBUG Engine               - version: 0.1
17:49:37.743 [FXGL Background Thread 3 ] DEBUG Engine               - versionCheckDays: 7
17:49:37.743 [FXGL Background Thread 3 ] DEBUG Engine               - width: 1000
17:49:37.743 [FXGL Background Thread 3 ] DEBUG Engine               - Logging services
17:49:37.743 [FXGL Background Thread 3 ] DEBUG Engine               - class com.almasb.fxgl.app.services.FXGLAssetLoaderService
17:49:37.743 [FXGL Background Thread 3 ] DEBUG Engine               - class com.almasb.fxgl.app.FXGLApplication$GameApplicationService
17:49:37.743 [FXGL Background Thread 3 ] DEBUG Engine               - class com.almasb.fxgl.app.services.FXGLDialogService
17:49:37.743 [FXGL Background Thread 3 ] DEBUG Engine               - class com.almasb.fxgl.app.services.IOTaskExecutorService
17:49:37.743 [FXGL Background Thread 3 ] DEBUG Engine               - class com.almasb.fxgl.io.FileSystemService
17:49:37.743 [FXGL Background Thread 3 ] DEBUG Engine               - class com.almasb.fxgl.localization.LocalizationService
17:49:37.743 [FXGL Background Thread 3 ] DEBUG Engine               - class com.almasb.fxgl.app.services.SystemBundleService
17:49:37.743 [FXGL Background Thread 3 ] DEBUG Engine               - class com.almasb.fxgl.profile.SaveLoadService
17:49:37.743 [FXGL Background Thread 3 ] DEBUG Engine               - class com.almasb.fxgl.ui.FXGLUIFactoryServiceProvider
17:49:37.743 [FXGL Background Thread 3 ] DEBUG Engine               - class com.almasb.fxgl.ui.FXGLDialogFactoryServiceProvider
17:49:37.743 [FXGL Background Thread 3 ] DEBUG Engine               - class com.almasb.fxgl.audio.AudioPlayer
17:49:37.743 [FXGL Background Thread 3 ] DEBUG Engine               - class com.almasb.fxgl.notification.impl.NotificationServiceProvider
17:49:37.743 [FXGL Background Thread 3 ] DEBUG Engine               - class com.almasb.fxgl.achievement.AchievementService
17:49:37.743 [FXGL Background Thread 3 ] DEBUG Engine               - class com.almasb.fxgl.cutscene.CutsceneService
17:49:37.743 [FXGL Background Thread 3 ] DEBUG Engine               - class com.almasb.fxgl.minigames.MiniGameService
17:49:37.743 [FXGL Background Thread 3 ] DEBUG Engine               - class com.almasb.fxgl.net.NetService
17:49:37.743 [FXGL Background Thread 3 ] DEBUG Engine               - class com.almasb.fxgl.app.services.UpdaterService
17:49:37.743 [FXGL Background Thread 3 ] DEBUG Engine               - class com.almasb.fxgl.dev.DevService
17:49:53.849 [JavaFX Application Thread] DEBUG FXGLApplication      - Exiting FXGL
17:49:53.849 [JavaFX Application Thread] DEBUG LoopRunner           - Stopping loop
17:49:53.849 [JavaFX Application Thread] DEBUG SystemBundleService  - Saving FXGL system data
17:49:53.851 [JavaFX Application Thread] DEBUG FileSystemAccess     - Writing to: C:\projects\JavaFxGame\system\fxgl.bundle
17:49:53.853 [JavaFX Application Thread] DEBUG Async                - Shutting down background threads
17:49:53.853 [JavaFX Application Thread] DEBUG PrimaryStageWindow   - Closing main window
17:49:53.877 [JavaFX Application Thread] DEBUG Logger               - Closing Logger
