19:40:59.530 [main                     ] DEBUG Logger               - Configured Logger
19:40:59.545 [main                     ] DEBUG GameApplication      - Logging settings
Title: Basic Game
Version: 0.1
Width: 800
Height: 600
Fullscreen: false
Intro: false
Profiling: false
Single step:false
App Mode: DEVELOPER
Menu Key: ESCAPE
Stage Style: DECORATED
Scene Factory: class com.almasb.fxgl.app.scene.SceneFactory

19:40:59.885 [JavaFX Application Thread] DEBUG FXGLApplication      - Initializing FXGL
19:40:59.888 [JavaFX Application Thread] INFO  Engine               - FXGL-21.1 (27.03.2024 07.52) on WINDOWS (J:23.0.2 FX:21.0.6)
19:40:59.888 [JavaFX Application Thread] DEBUG Engine               - JRE Vendor Name: Eclipse Adoptium
19:40:59.888 [JavaFX Application Thread] DEBUG Engine               - Running on OS: Windows 11 version 10.0
19:40:59.888 [JavaFX Application Thread] DEBUG Engine               - Architecture: amd64
19:40:59.889 [JavaFX Application Thread] INFO  Engine               - Source code and latest versions at: https://github.com/AlmasB/FXGL
19:40:59.889 [JavaFX Application Thread] INFO  Engine               -       Ask questions and discuss at: https://github.com/AlmasB/FXGL/discussions
19:40:59.889 [JavaFX Application Thread] INFO  Engine               -              Join the FXGL chat at: https://gitter.im/AlmasB/FXGL
19:40:59.944 [JavaFX Application Thread] DEBUG PrimaryStageWindow   - Creating a JavaFX scene
19:40:59.979 [JavaFX Application Thread] DEBUG PrimaryStageWindow   - Target settings size: 800.0 x 600.0
19:40:59.979 [JavaFX Application Thread] DEBUG PrimaryStageWindow   - Scaled scene size:    800.0 x 600.0
19:40:59.980 [JavaFX Application Thread] DEBUG PrimaryStageWindow   - Scaled ratio: (1.0, 1.0)
19:40:59.980 [JavaFX Application Thread] DEBUG PrimaryStageWindow   - Set initial scene to FXGLStartupScene
19:40:59.982 [JavaFX Application Thread] DEBUG PrimaryStageWindow   - Opening main window
19:41:00.058 [JavaFX Application Thread] DEBUG PrimaryStageWindow   - Window border size: (16.0, 39.0)
19:41:00.058 [JavaFX Application Thread] DEBUG PrimaryStageWindow   - Scaled size: 800.0 x 600.0
19:41:00.058 [JavaFX Application Thread] DEBUG PrimaryStageWindow   - Scaled ratio: (1.0, 1.0)
19:41:00.058 [JavaFX Application Thread] DEBUG PrimaryStageWindow   - Scene size: 800.0 x 600.0
19:41:00.058 [JavaFX Application Thread] DEBUG PrimaryStageWindow   - Stage size: 816.0 x 639.0
19:41:00.063 [FXGL Background Thread 1 ] DEBUG Engine               - Initializing environment variables
19:41:00.124 [FXGL Background Thread 1 ] DEBUG FXGLAssetLoaderServi - User app class for loading assets: class com.qwerty55558.javagame.MyBasic
19:41:00.125 [FXGL Background Thread 1 ] DEBUG GameApplicationServi - Applying CSS: fxgl_dark.css
19:41:00.125 [FXGL Background Thread 1 ] DEBUG FXGLAssetLoaderServi - Loading from file system: jar:file:///C:/Users/amaja/.gradle/caches/modules-2/files-2.1/com.github.almasb/fxgl/21.1/88c288ebc8641e470d974327703f09f8958e725d/fxgl-21.1.jar!/fxglassets/ui/css/fxgl_dark.css
19:41:00.160 [FXGL Background Thread 1 ] DEBUG GameApplicationServi - Initializing application scenes
19:41:00.210 [FXGL Background Thread 1 ] DEBUG GameWorld            - Game world initialized
19:41:00.257 [FXGL Background Thread 1 ] DEBUG PhysicsWorld         - Physics world initialized: appHeight=600, physics.ppm=50.0
19:41:00.257 [FXGL Background Thread 1 ] DEBUG PhysicsWorld         - Using strategy: BRUTE_FORCE
19:41:00.260 [FXGL Background Thread 1 ] DEBUG GameScene            - Game scene initialized: 800x600
19:41:00.268 [FXGL Background Thread 1 ] DEBUG FXGL.DefaultMenu     - createMenuBodyGameMenu()
19:41:00.276 [FXGL Background Thread 1 ] DEBUG FXGL.DefaultMenu     - createOptionsMenu()
19:41:00.281 [FXGL Background Thread 1 ] DEBUG FXGLAssetLoaderServi - Loading from file system: jar:file:///C:/Users/amaja/.gradle/caches/modules-2/files-2.1/com.github.almasb/fxgl/21.1/88c288ebc8641e470d974327703f09f8958e725d/fxgl-21.1.jar!/fxglassets/textures/particles/smoke.png
19:41:00.349 [FXGL Background Thread 1 ] DEBUG FXGLAssetLoaderServi - Loading from file system: jar:file:///C:/Users/amaja/.gradle/caches/modules-2/files-2.1/com.github.almasb/fxgl/21.1/88c288ebc8641e470d974327703f09f8958e725d/fxgl-21.1.jar!/fxglassets/textures/particles/trace_horizontal.png
19:41:00.371 [FXGL Background Thread 1 ] DEBUG GameApplicationServi - Application scenes initialized
19:41:00.380 [FXGL Background Thread 1 ] DEBUG SystemBundleService  - Loading FXGL system data
19:41:00.384 [FXGL Background Thread 1 ] DEBUG FileSystemAccess     - Reading from: C:\projects\javaGame\system\fxgl.bundle
19:41:00.389 [FXGL Background Thread 1 ] DEBUG SystemBundleService  - Bundle FXGL: {}
19:41:00.389 [FXGL Background Thread 1 ] DEBUG UpdaterService       - Checking for updates
19:41:00.391 [FXGL Background Thread 4 ] DEBUG FXGLApplication      - Loading fonts
19:41:00.391 [FXGL Background Thread 1 ] DEBUG FXGLApplication      - Loading default localization
19:41:00.391 [FXGL Background Thread 4 ] DEBUG FXGLAssetLoaderServi - Loading from file system: jar:file:///C:/Users/amaja/.gradle/caches/modules-2/files-2.1/com.github.almasb/fxgl/21.1/88c288ebc8641e470d974327703f09f8958e725d/fxgl-21.1.jar!/fxglassets/ui/fonts/VarelaRound-Regular.ttf
19:41:00.392 [FXGL Background Thread 1 ] DEBUG FXGLAssetLoaderServi - Loading from file system: jar:file:///C:/Users/amaja/.gradle/caches/modules-2/files-2.1/com.github.almasb/fxgl/21.1/88c288ebc8641e470d974327703f09f8958e725d/fxgl-21.1.jar!/fxglassets/languages/english.lang
19:41:00.415 [FXGL Background Thread 1 ] INFO  FXGLApplication      - FXGL initialization took: 0.352 sec
19:41:00.430 [JavaFX Application Thread] DEBUG Input                - Registered new binding: action0 - D
19:41:00.430 [JavaFX Application Thread] DEBUG Input                - Registered new binding: action1 - A
19:41:00.431 [JavaFX Application Thread] DEBUG Input                - Registered new binding: action2 - W
19:41:00.431 [JavaFX Application Thread] DEBUG Input                - Registered new binding: action3 - S
19:41:00.433 [JavaFX Application Thread] DEBUG Input                - Registered new binding: action4 - F
19:41:00.433 [JavaFX Application Thread] DEBUG FXGLAssetLoaderServi - Loading from file system: jar:file:///C:/Users/amaja/.gradle/caches/modules-2/files-2.1/com.github.almasb/fxgl/21.1/88c288ebc8641e470d974327703f09f8958e725d/fxgl-21.1.jar!/fxglassets/textures/fxgl_icon.png
19:41:00.434 [FXGL Background Thread 4 ] DEBUG FXGLAssetLoaderServi - Loading from file system: jar:file:///C:/Users/amaja/.gradle/caches/modules-2/files-2.1/com.github.almasb/fxgl/21.1/88c288ebc8641e470d974327703f09f8958e725d/fxgl-21.1.jar!/fxglassets/ui/fonts/Abel-Regular.ttf
19:41:00.437 [FXGL Background Thread 4 ] DEBUG FXGLAssetLoaderServi - Loading from file system: jar:file:///C:/Users/amaja/.gradle/caches/modules-2/files-2.1/com.github.almasb/fxgl/21.1/88c288ebc8641e470d974327703f09f8958e725d/fxgl-21.1.jar!/fxglassets/ui/fonts/TerminalLandMono-Regular.otf
19:41:00.444 [FXGL Background Thread 4 ] DEBUG FXGLAssetLoaderServi - Loading from file system: jar:file:///C:/Users/amaja/.gradle/caches/modules-2/files-2.1/com.github.almasb/fxgl/21.1/88c288ebc8641e470d974327703f09f8958e725d/fxgl-21.1.jar!/fxglassets/ui/fonts/Courier-Prime.ttf
19:41:00.456 [JavaFX Application Thread] DEBUG FXGLAssetLoaderServi - Loading from file system: jar:file:///C:/Users/amaja/.gradle/caches/modules-2/files-2.1/com.github.almasb/fxgl/21.1/88c288ebc8641e470d974327703f09f8958e725d/fxgl-21.1.jar!/fxglassets/textures/fxgl_default_cursor.png
19:41:00.459 [JavaFX Application Thread] DEBUG Input                - Registered new binding: Screenshot - CTRL+8
19:41:00.459 [JavaFX Application Thread] DEBUG Input                - Registered new binding: System info dump - CTRL+9
19:41:00.459 [JavaFX Application Thread] DEBUG Input                - Registered new binding: Restart - CTRL+R
19:41:00.460 [JavaFX Application Thread] DEBUG Input                - Registered new binding: Toggle Debug Camera - CTRL+7
19:41:00.462 [JavaFX Application Thread] DEBUG LoopRunner           - Starting loop
19:41:00.462 [JavaFX Application Thread] DEBUG LoopRunner           - Initializing JavaFX AnimationTimerLoop
19:41:00.463 [JavaFX Application Thread] DEBUG GameApplicationServi - Starting new game
19:41:00.464 [JavaFX Application Thread] DEBUG Input                - Clearing active input actions
19:41:00.474 [JavaFX Application Thread] DEBUG GameApplicationServi - Removing overlay from FXGLStartupScene and adding to FXGLLoadingScene
19:41:00.474 [JavaFX Application Thread] DEBUG PrimaryStageWindow   - FXGLStartupScene -> FXGLLoadingScene
19:41:00.475 [JavaFX Application Thread] DEBUG GameApplicationServi - Clearing previous game
19:41:00.475 [JavaFX Application Thread] DEBUG GameScene            - Clearing game scene
19:41:00.475 [JavaFX Application Thread] DEBUG GameWorld            - Clearing game world
19:41:00.476 [JavaFX Application Thread] DEBUG PhysicsWorld         - Clearing physics world
19:41:00.477 [FXGL Background Thread 4 ] DEBUG FXGLApplication      - Initializing game
19:41:00.478 [JavaFX Application Thread] DEBUG FXGLApplication      - Registering font factories with UI factory
19:41:00.479 [FXGL Background Thread 4 ] WARN  FXGLAssetLoaderServi - Asset "/assets/textures/brick.png" was not found!
19:41:00.480 [FXGL Background Thread 4 ] WARN  FXGLAssetLoaderServi - Failed to load IMAGE
19:41:00.578 [FXGL Background Thread 4 ] WARN  FXGLAssetLoaderServi - Asset "/assets/textures/brick.png" was not found!
19:41:00.579 [FXGL Background Thread 4 ] WARN  FXGLAssetLoaderServi - Failed to load IMAGE
19:41:00.579 [FXGL Background Thread 4 ] INFO  FXGLApplication      - Game initialization took: 0.102 sec
19:41:00.579 [JavaFX Application Thread] DEBUG Input                - Clearing active input actions
19:41:00.584 [JavaFX Application Thread] DEBUG GameApplicationServi - Removing overlay from FXGLLoadingScene and adding to GameScene
19:41:00.584 [JavaFX Application Thread] DEBUG PrimaryStageWindow   - FXGLLoadingScene -> GameScene
19:41:01.840 [JavaFX Application Thread] DEBUG FXGLApplication      - Exiting FXGL
19:41:01.840 [JavaFX Application Thread] DEBUG LoopRunner           - Stopping loop
19:41:01.840 [JavaFX Application Thread] DEBUG SystemBundleService  - Saving FXGL system data
19:41:01.842 [JavaFX Application Thread] DEBUG FileSystemAccess     - Writing to: C:\projects\javaGame\system\fxgl.bundle
19:41:01.843 [JavaFX Application Thread] DEBUG Async                - Shutting down background threads
19:41:01.843 [JavaFX Application Thread] DEBUG PrimaryStageWindow   - Closing main window
19:41:01.860 [JavaFX Application Thread] DEBUG Logger               - Closing Logger
