17:26:56.736 [main                     ] DEBUG Logger               - Configured Logger
17:26:56.757 [main                     ] DEBUG GameApplication      - Logging settings
Title: Basic Game
Version: 0.1
Width: 800
Height: 600
Fullscreen: false
Intro: false
Profiling: false
Single step:false
App Mode: DEVELOPER
Menu Key: ESCAPE
Stage Style: DECORATED
Scene Factory: class com.almasb.fxgl.app.scene.SceneFactory

17:26:57.042 [JavaFX Application Thread] DEBUG FXGLApplication      - Initializing FXGL
17:26:57.046 [JavaFX Application Thread] INFO  Engine               - FXGL-21.1 (27.03.2024 07.52) on WINDOWS (J:23.0.2 FX:21.0.6)
17:26:57.047 [JavaFX Application Thread] DEBUG Engine               - JRE Vendor Name: Eclipse Adoptium
17:26:57.047 [JavaFX Application Thread] DEBUG Engine               - Running on OS: Windows 11 version 10.0
17:26:57.047 [JavaFX Application Thread] DEBUG Engine               - Architecture: amd64
17:26:57.047 [JavaFX Application Thread] INFO  Engine               - Source code and latest versions at: https://github.com/AlmasB/FXGL
17:26:57.048 [JavaFX Application Thread] INFO  Engine               -       Ask questions and discuss at: https://github.com/AlmasB/FXGL/discussions
17:26:57.048 [JavaFX Application Thread] INFO  Engine               -              Join the FXGL chat at: https://gitter.im/AlmasB/FXGL
17:26:57.128 [JavaFX Application Thread] DEBUG PrimaryStageWindow   - Creating a JavaFX scene
17:26:57.171 [JavaFX Application Thread] DEBUG PrimaryStageWindow   - Target settings size: 800.0 x 600.0
17:26:57.171 [JavaFX Application Thread] DEBUG PrimaryStageWindow   - Scaled scene size:    800.0 x 600.0
17:26:57.172 [JavaFX Application Thread] DEBUG PrimaryStageWindow   - Scaled ratio: (1.0, 1.0)
17:26:57.172 [JavaFX Application Thread] DEBUG PrimaryStageWindow   - Set initial scene to FXGLStartupScene
17:26:57.176 [JavaFX Application Thread] DEBUG PrimaryStageWindow   - Opening main window
17:26:57.253 [JavaFX Application Thread] DEBUG PrimaryStageWindow   - Window border size: (16.0, 39.0)
17:26:57.253 [JavaFX Application Thread] DEBUG PrimaryStageWindow   - Scaled size: 800.0 x 600.0
17:26:57.253 [JavaFX Application Thread] DEBUG PrimaryStageWindow   - Scaled ratio: (1.0, 1.0)
17:26:57.253 [JavaFX Application Thread] DEBUG PrimaryStageWindow   - Scene size: 800.0 x 600.0
17:26:57.255 [JavaFX Application Thread] DEBUG PrimaryStageWindow   - Stage size: 816.0 x 639.0
17:26:57.265 [FXGL Background Thread 1 ] DEBUG Engine               - Initializing environment variables
17:26:57.367 [FXGL Background Thread 1 ] DEBUG FXGLAssetLoaderServi - User app class for loading assets: class com.qwerty55558.javagame.MyBasic
17:26:57.368 [FXGL Background Thread 1 ] DEBUG GameApplicationServi - Applying CSS: fxgl_dark.css
17:26:57.369 [FXGL Background Thread 1 ] DEBUG FXGLAssetLoaderServi - Loading from file system: jar:file:///C:/Users/Admin/.gradle/caches/modules-2/files-2.1/com.github.almasb/fxgl/21.1/88c288ebc8641e470d974327703f09f8958e725d/fxgl-21.1.jar!/fxglassets/ui/css/fxgl_dark.css
17:26:57.407 [FXGL Background Thread 1 ] DEBUG GameApplicationServi - Initializing application scenes
17:26:57.496 [FXGL Background Thread 1 ] DEBUG GameWorld            - Game world initialized
17:26:57.553 [FXGL Background Thread 1 ] DEBUG PhysicsWorld         - Physics world initialized: appHeight=600, physics.ppm=50.0
17:26:57.553 [FXGL Background Thread 1 ] DEBUG PhysicsWorld         - Using strategy: BRUTE_FORCE
17:26:57.557 [FXGL Background Thread 1 ] DEBUG GameScene            - Game scene initialized: 800x600
17:26:57.568 [FXGL Background Thread 1 ] DEBUG FXGL.DefaultMenu     - createMenuBodyGameMenu()
17:26:57.578 [FXGL Background Thread 1 ] DEBUG FXGL.DefaultMenu     - createOptionsMenu()
17:26:57.587 [FXGL Background Thread 1 ] DEBUG FXGLAssetLoaderServi - Loading from file system: jar:file:///C:/Users/Admin/.gradle/caches/modules-2/files-2.1/com.github.almasb/fxgl/21.1/88c288ebc8641e470d974327703f09f8958e725d/fxgl-21.1.jar!/fxglassets/textures/particles/smoke.png
17:26:57.683 [FXGL Background Thread 1 ] DEBUG FXGLAssetLoaderServi - Loading from file system: jar:file:///C:/Users/Admin/.gradle/caches/modules-2/files-2.1/com.github.almasb/fxgl/21.1/88c288ebc8641e470d974327703f09f8958e725d/fxgl-21.1.jar!/fxglassets/textures/particles/trace_horizontal.png
17:26:57.716 [FXGL Background Thread 1 ] DEBUG GameApplicationServi - Application scenes initialized
17:26:57.725 [FXGL Background Thread 1 ] DEBUG SystemBundleService  - Loading FXGL system data
17:26:57.730 [FXGL Background Thread 1 ] DEBUG FileSystemAccess     - Reading from: C:\projects\JavaFxGame\system\fxgl.bundle
17:26:57.737 [FXGL Background Thread 1 ] DEBUG SystemBundleService  - Bundle FXGL: {}
17:26:57.737 [FXGL Background Thread 1 ] DEBUG UpdaterService       - Checking for updates
17:26:57.741 [FXGL Background Thread 4 ] DEBUG FXGLApplication      - Loading fonts
17:26:57.741 [FXGL Background Thread 4 ] DEBUG FXGLAssetLoaderServi - Loading from file system: jar:file:///C:/Users/Admin/.gradle/caches/modules-2/files-2.1/com.github.almasb/fxgl/21.1/88c288ebc8641e470d974327703f09f8958e725d/fxgl-21.1.jar!/fxglassets/ui/fonts/VarelaRound-Regular.ttf
17:26:57.741 [FXGL Background Thread 1 ] DEBUG FXGLApplication      - Loading default localization
17:26:57.742 [FXGL Background Thread 1 ] DEBUG FXGLAssetLoaderServi - Loading from file system: jar:file:///C:/Users/Admin/.gradle/caches/modules-2/files-2.1/com.github.almasb/fxgl/21.1/88c288ebc8641e470d974327703f09f8958e725d/fxgl-21.1.jar!/fxglassets/languages/english.lang
17:26:57.767 [FXGL Background Thread 1 ] INFO  FXGLApplication      - FXGL initialization took: 0.502 sec
17:26:57.783 [JavaFX Application Thread] DEBUG Input                - Registered new binding: RIGHT - D
17:26:57.783 [JavaFX Application Thread] DEBUG Input                - Registered new binding: LEFT - A
17:26:57.783 [JavaFX Application Thread] DEBUG Input                - Registered new binding: UP - W
17:26:57.783 [JavaFX Application Thread] DEBUG Input                - Registered new binding: DOWN - S
17:26:57.783 [JavaFX Application Thread] DEBUG FXGLAssetLoaderServi - Loading from file system: jar:file:///C:/Users/Admin/.gradle/caches/modules-2/files-2.1/com.github.almasb/fxgl/21.1/88c288ebc8641e470d974327703f09f8958e725d/fxgl-21.1.jar!/fxglassets/textures/fxgl_icon.png
17:26:57.806 [FXGL Background Thread 4 ] DEBUG FXGLAssetLoaderServi - Loading from file system: jar:file:///C:/Users/Admin/.gradle/caches/modules-2/files-2.1/com.github.almasb/fxgl/21.1/88c288ebc8641e470d974327703f09f8958e725d/fxgl-21.1.jar!/fxglassets/ui/fonts/Abel-Regular.ttf
17:26:57.808 [JavaFX Application Thread] DEBUG FXGLAssetLoaderServi - Loading from file system: jar:file:///C:/Users/Admin/.gradle/caches/modules-2/files-2.1/com.github.almasb/fxgl/21.1/88c288ebc8641e470d974327703f09f8958e725d/fxgl-21.1.jar!/fxglassets/textures/fxgl_default_cursor.png
17:26:57.811 [JavaFX Application Thread] DEBUG Input                - Registered new binding: Screenshot - CTRL+8
17:26:57.811 [JavaFX Application Thread] DEBUG Input                - Registered new binding: System info dump - CTRL+9
17:26:57.812 [JavaFX Application Thread] DEBUG Input                - Registered new binding: Restart - CTRL+R
17:26:57.813 [JavaFX Application Thread] DEBUG Input                - Registered new binding: Toggle Debug Camera - CTRL+7
17:26:57.817 [JavaFX Application Thread] DEBUG LoopRunner           - Starting loop
17:26:57.817 [JavaFX Application Thread] DEBUG LoopRunner           - Initializing JavaFX AnimationTimerLoop
17:26:57.818 [JavaFX Application Thread] DEBUG GameApplicationServi - Starting new game
17:26:57.818 [JavaFX Application Thread] DEBUG Input                - Clearing active input actions
17:26:57.826 [FXGL Background Thread 4 ] DEBUG FXGLAssetLoaderServi - Loading from file system: jar:file:///C:/Users/Admin/.gradle/caches/modules-2/files-2.1/com.github.almasb/fxgl/21.1/88c288ebc8641e470d974327703f09f8958e725d/fxgl-21.1.jar!/fxglassets/ui/fonts/TerminalLandMono-Regular.otf
17:26:57.836 [JavaFX Application Thread] DEBUG GameApplicationServi - Removing overlay from FXGLStartupScene and adding to FXGLLoadingScene
17:26:57.837 [JavaFX Application Thread] DEBUG PrimaryStageWindow   - FXGLStartupScene -> FXGLLoadingScene
17:26:57.837 [JavaFX Application Thread] DEBUG GameApplicationServi - Clearing previous game
17:26:57.837 [JavaFX Application Thread] DEBUG GameScene            - Clearing game scene
17:26:57.837 [JavaFX Application Thread] DEBUG GameWorld            - Clearing game world
17:26:57.837 [JavaFX Application Thread] DEBUG PhysicsWorld         - Clearing physics world
17:26:57.839 [FXGL Background Thread 1 ] DEBUG FXGLApplication      - Initializing game
17:26:57.853 [FXGL Background Thread 4 ] DEBUG FXGLAssetLoaderServi - Loading from file system: jar:file:///C:/Users/Admin/.gradle/caches/modules-2/files-2.1/com.github.almasb/fxgl/21.1/88c288ebc8641e470d974327703f09f8958e725d/fxgl-21.1.jar!/fxglassets/ui/fonts/Courier-Prime.ttf
17:26:57.862 [FXGL Background Thread 1 ] DEBUG FXGLAssetLoaderServi - Loading from file system: file:/C:/projects/JavaFxGame/build/resources/main/assets/textures/monk/Run.png
17:26:57.878 [FXGL Background Thread 1 ] DEBUG FXGLAssetLoaderServi - Loading from file system: file:/C:/projects/JavaFxGame/build/resources/main/assets/textures/monk/Idle.png
17:26:57.933 [FXGL Background Thread 1 ] DEBUG FXGLAssetLoaderServi - Loading from file system: file:/C:/projects/JavaFxGame/build/resources/main/assets/textures/coin.png
17:26:57.939 [FXGL Background Thread 1 ] DEBUG FXGLAssetLoaderServi - Loading from file system: file:/C:/projects/JavaFxGame/build/resources/main/assets/textures/brick.png
17:26:57.940 [FXGL Background Thread 1 ] INFO  FXGLApplication      - Game initialization took: 0.101 sec
17:26:57.998 [JavaFX Application Thread] DEBUG FXGLApplication      - Registering font factories with UI factory
17:26:58.002 [JavaFX Application Thread] DEBUG Input                - Clearing active input actions
17:26:58.015 [JavaFX Application Thread] DEBUG GameApplicationServi - Removing overlay from FXGLLoadingScene and adding to GameScene
17:26:58.016 [JavaFX Application Thread] DEBUG PrimaryStageWindow   - FXGLLoadingScene -> GameScene
17:27:00.741 [FXGL Background Thread 3 ] DEBUG Engine               - Logging environment variables
17:27:00.741 [FXGL Background Thread 3 ] DEBUG Engine               - achievements: []
17:27:00.741 [FXGL Background Thread 3 ] DEBUG Engine               - actualHeight: 600.0
17:27:00.741 [FXGL Background Thread 3 ] DEBUG Engine               - actualHeightProperty: ReadOnlyDoubleProperty [value: 600.0]
17:27:00.741 [FXGL Background Thread 3 ] DEBUG Engine               - actualWidth: 800.0
17:27:00.741 [FXGL Background Thread 3 ] DEBUG Engine               - actualWidthProperty: ReadOnlyDoubleProperty [value: 800.0]
17:27:00.741 [FXGL Background Thread 3 ] DEBUG Engine               - appIcon: fxgl_icon.png
17:27:00.741 [FXGL Background Thread 3 ] DEBUG Engine               - applicationMode: DEVELOPER
17:27:00.741 [FXGL Background Thread 3 ] DEBUG Engine               - cSSList: [fxgl_dark.css]
17:27:00.741 [FXGL Background Thread 3 ] DEBUG Engine               - collisionDetectionStrategy: BRUTE_FORCE
17:27:00.742 [FXGL Background Thread 3 ] DEBUG Engine               - configClass: Optional.empty
17:27:00.742 [FXGL Background Thread 3 ] DEBUG Engine               - credits: []
17:27:00.742 [FXGL Background Thread 3 ] DEBUG Engine               - defaultCursor: CursorInfo(imageName=fxgl_default_cursor.png, hotspotX=7.0, hotspotY=6.0)
17:27:00.742 [FXGL Background Thread 3 ] DEBUG Engine               - devBBoxColorProperty: ObjectProperty [value: 0xff0000ff]
17:27:00.742 [FXGL Background Thread 3 ] DEBUG Engine               - devEnableDebugCameraProperty: BooleanProperty [value: false]
17:27:00.742 [FXGL Background Thread 3 ] DEBUG Engine               - devSensorColorProperty: ObjectProperty [value: 0xffff00ff]
17:27:00.742 [FXGL Background Thread 3 ] DEBUG Engine               - devShowBBoxProperty: BooleanProperty [value: false]
17:27:00.742 [FXGL Background Thread 3 ] DEBUG Engine               - devShowPositionProperty: BooleanProperty [value: false]
17:27:00.742 [FXGL Background Thread 3 ] DEBUG Engine               - enabledMenuItems: []
17:27:00.742 [FXGL Background Thread 3 ] DEBUG Engine               - engineServices: [class com.almasb.fxgl.app.services.FXGLAssetLoaderService, class com.almasb.fxgl.app.FXGLApplication$GameApplicationService, class com.almasb.fxgl.app.services.FXGLDialogService, class com.almasb.fxgl.app.services.IOTaskExecutorService, class com.almasb.fxgl.io.FileSystemService, class com.almasb.fxgl.localization.LocalizationService, class com.almasb.fxgl.app.services.SystemBundleService, class com.almasb.fxgl.profile.SaveLoadService, class com.almasb.fxgl.ui.FXGLUIFactoryServiceProvider, class com.almasb.fxgl.ui.FXGLDialogFactoryServiceProvider, class com.almasb.fxgl.audio.AudioPlayer, class com.almasb.fxgl.notification.impl.NotificationServiceProvider, class com.almasb.fxgl.achievement.AchievementService, class com.almasb.fxgl.cutscene.CutsceneService, class com.almasb.fxgl.minigames.MiniGameService, class com.almasb.fxgl.net.NetService, class com.almasb.fxgl.app.services.UpdaterService, class com.almasb.fxgl.dev.DevService]
17:27:00.742 [FXGL Background Thread 3 ] DEBUG Engine               - fontGame: Abel-Regular.ttf
17:27:00.742 [FXGL Background Thread 3 ] DEBUG Engine               - fontMono: TerminalLandMono-Regular.otf
17:27:00.742 [FXGL Background Thread 3 ] DEBUG Engine               - fontSizeScaleUI: 1.0
17:27:00.742 [FXGL Background Thread 3 ] DEBUG Engine               - fontText: Courier-Prime.ttf
17:27:00.742 [FXGL Background Thread 3 ] DEBUG Engine               - fontUI: VarelaRound-Regular.ttf
17:27:00.742 [FXGL Background Thread 3 ] DEBUG Engine               - fullScreen: BooleanProperty [value: false]
17:27:00.743 [FXGL Background Thread 3 ] DEBUG Engine               - gameDifficulty: MEDIUM
17:27:00.743 [FXGL Background Thread 3 ] DEBUG Engine               - gameDifficultyProperty: ObjectProperty [value: MEDIUM]
17:27:00.743 [FXGL Background Thread 3 ] DEBUG Engine               - globalMusicVolume: 0.5
17:27:00.743 [FXGL Background Thread 3 ] DEBUG Engine               - globalMusicVolumeProperty: DoubleProperty [value: 0.5]
17:27:00.743 [FXGL Background Thread 3 ] DEBUG Engine               - globalSoundVolume: 0.5
17:27:00.743 [FXGL Background Thread 3 ] DEBUG Engine               - globalSoundVolumeProperty: DoubleProperty [value: 0.5]
17:27:00.743 [FXGL Background Thread 3 ] DEBUG Engine               - height: 600
17:27:00.743 [FXGL Background Thread 3 ] DEBUG Engine               - is3D: false
17:27:00.743 [FXGL Background Thread 3 ] DEBUG Engine               - isAndroid: false
17:27:00.743 [FXGL Background Thread 3 ] DEBUG Engine               - isBrowser: false
17:27:00.743 [FXGL Background Thread 3 ] DEBUG Engine               - isClickFeedbackEnabled: false
17:27:00.743 [FXGL Background Thread 3 ] DEBUG Engine               - isCloseConfirmation: false
17:27:00.743 [FXGL Background Thread 3 ] DEBUG Engine               - isDesktop: true
17:27:00.743 [FXGL Background Thread 3 ] DEBUG Engine               - isDeveloperMenuEnabled: false
17:27:00.743 [FXGL Background Thread 3 ] DEBUG Engine               - isEmbedded: false
17:27:00.743 [FXGL Background Thread 3 ] DEBUG Engine               - isEntityPreloadEnabled: true
17:27:00.743 [FXGL Background Thread 3 ] DEBUG Engine               - isExperimentalTiledLargeMap: false
17:27:00.743 [FXGL Background Thread 3 ] DEBUG Engine               - isFileSystemWriteAllowed: true
17:27:00.743 [FXGL Background Thread 3 ] DEBUG Engine               - isFullScreenAllowed: false
17:27:00.743 [FXGL Background Thread 3 ] DEBUG Engine               - isFullScreenFromStart: false
17:27:00.743 [FXGL Background Thread 3 ] DEBUG Engine               - isGameMenuEnabled: true
17:27:00.743 [FXGL Background Thread 3 ] DEBUG Engine               - isIOS: false
17:27:00.743 [FXGL Background Thread 3 ] DEBUG Engine               - isIntroEnabled: false
17:27:00.743 [FXGL Background Thread 3 ] DEBUG Engine               - isLinux: false
17:27:00.743 [FXGL Background Thread 3 ] DEBUG Engine               - isMac: false
17:27:00.744 [FXGL Background Thread 3 ] DEBUG Engine               - isMainMenuEnabled: false
17:27:00.744 [FXGL Background Thread 3 ] DEBUG Engine               - isManualResizeEnabled: false
17:27:00.744 [FXGL Background Thread 3 ] DEBUG Engine               - isMobile: false
17:27:00.744 [FXGL Background Thread 3 ] DEBUG Engine               - isNative: false
17:27:00.744 [FXGL Background Thread 3 ] DEBUG Engine               - isPauseMusicWhenMinimized: true
17:27:00.744 [FXGL Background Thread 3 ] DEBUG Engine               - isPreserveResizeRatio: false
17:27:00.744 [FXGL Background Thread 3 ] DEBUG Engine               - isProfilingEnabled: false
17:27:00.744 [FXGL Background Thread 3 ] DEBUG Engine               - isScaleAffectedOnResize: true
17:27:00.744 [FXGL Background Thread 3 ] DEBUG Engine               - isSingleStep: false
17:27:00.744 [FXGL Background Thread 3 ] DEBUG Engine               - isUserProfileEnabled: false
17:27:00.744 [FXGL Background Thread 3 ] DEBUG Engine               - isWindows: true
17:27:00.744 [FXGL Background Thread 3 ] DEBUG Engine               - language: ObjectProperty [value: ENGLISH]
17:27:00.744 [FXGL Background Thread 3 ] DEBUG Engine               - menuKey: ESCAPE
17:27:00.744 [FXGL Background Thread 3 ] DEBUG Engine               - mouseSensitivity: 0.2
17:27:00.744 [FXGL Background Thread 3 ] DEBUG Engine               - notificationViewClass: class com.almasb.fxgl.notification.view.XboxNotificationView
17:27:00.744 [FXGL Background Thread 3 ] DEBUG Engine               - pixelsPerMeter: 50.0
17:27:00.744 [FXGL Background Thread 3 ] DEBUG Engine               - platform: WINDOWS
17:27:00.744 [FXGL Background Thread 3 ] DEBUG Engine               - prefHeightProperty: ReadOnlyDoubleProperty [value: 600.0]
17:27:00.744 [FXGL Background Thread 3 ] DEBUG Engine               - prefWidthProperty: ReadOnlyDoubleProperty [value: 800.0]
17:27:00.744 [FXGL Background Thread 3 ] DEBUG Engine               - profileDir: profiles/
17:27:00.745 [FXGL Background Thread 3 ] DEBUG Engine               - profileName: StringProperty [value: DEFAULT]
17:27:00.745 [FXGL Background Thread 3 ] DEBUG Engine               - randomSeed: -1
17:27:00.745 [FXGL Background Thread 3 ] DEBUG Engine               - runtimeInfo: RuntimeInfo(platform=WINDOWS, version=21.1, build=27.03.2024 07.52)
17:27:00.745 [FXGL Background Thread 3 ] DEBUG Engine               - saveFileExt: sav
17:27:00.745 [FXGL Background Thread 3 ] DEBUG Engine               - scaledHeightProp$fxgl: DoubleProperty [bound, value: 600.0]
17:27:00.745 [FXGL Background Thread 3 ] DEBUG Engine               - scaledWidthProp$fxgl: DoubleProperty [bound, value: 800.0]
17:27:00.745 [FXGL Background Thread 3 ] DEBUG Engine               - sceneFactory: com.almasb.fxgl.app.scene.SceneFactory@17248245
17:27:00.745 [FXGL Background Thread 3 ] DEBUG Engine               - secondsIn24h: 60
17:27:00.746 [FXGL Background Thread 3 ] DEBUG Engine               - soundMenuBack: menu/back.wav
17:27:00.746 [FXGL Background Thread 3 ] DEBUG Engine               - soundMenuPress: menu/press.wav
17:27:00.746 [FXGL Background Thread 3 ] DEBUG Engine               - soundMenuSelect: menu/select.wav
17:27:00.746 [FXGL Background Thread 3 ] DEBUG Engine               - soundNotification: core/notification.wav
17:27:00.746 [FXGL Background Thread 3 ] DEBUG Engine               - stageStyle: DECORATED
17:27:00.746 [FXGL Background Thread 3 ] DEBUG Engine               - supportedLanguages: [ENGLISH, FRENCH, GERMAN, HUNGARIAN, RUSSIAN]
17:27:00.746 [FXGL Background Thread 3 ] DEBUG Engine               - ticksPerSecond: -1
17:27:00.746 [FXGL Background Thread 3 ] DEBUG Engine               - title: Basic Game
17:27:00.746 [FXGL Background Thread 3 ] DEBUG Engine               - urlGithub: https://github.com/AlmasB/FXGL
17:27:00.746 [FXGL Background Thread 3 ] DEBUG Engine               - urlLeaderboard: http://fxgl-top.herokuapp.com/
17:27:00.746 [FXGL Background Thread 3 ] DEBUG Engine               - urlPOM: https://raw.githubusercontent.com/AlmasB/FXGL/release/README.md
17:27:00.746 [FXGL Background Thread 3 ] DEBUG Engine               - userAppClass: class com.qwerty55558.javagame.MyBasic
17:27:00.746 [FXGL Background Thread 3 ] DEBUG Engine               - version: 0.1
17:27:00.746 [FXGL Background Thread 3 ] DEBUG Engine               - versionCheckDays: 7
17:27:00.746 [FXGL Background Thread 3 ] DEBUG Engine               - width: 800
17:27:00.747 [FXGL Background Thread 3 ] DEBUG Engine               - Logging services
17:27:00.747 [FXGL Background Thread 3 ] DEBUG Engine               - class com.almasb.fxgl.app.services.FXGLAssetLoaderService
17:27:00.747 [FXGL Background Thread 3 ] DEBUG Engine               - class com.almasb.fxgl.app.FXGLApplication$GameApplicationService
17:27:00.747 [FXGL Background Thread 3 ] DEBUG Engine               - class com.almasb.fxgl.app.services.FXGLDialogService
17:27:00.747 [FXGL Background Thread 3 ] DEBUG Engine               - class com.almasb.fxgl.app.services.IOTaskExecutorService
17:27:00.747 [FXGL Background Thread 3 ] DEBUG Engine               - class com.almasb.fxgl.io.FileSystemService
17:27:00.747 [FXGL Background Thread 3 ] DEBUG Engine               - class com.almasb.fxgl.localization.LocalizationService
17:27:00.747 [FXGL Background Thread 3 ] DEBUG Engine               - class com.almasb.fxgl.app.services.SystemBundleService
17:27:00.747 [FXGL Background Thread 3 ] DEBUG Engine               - class com.almasb.fxgl.profile.SaveLoadService
17:27:00.747 [FXGL Background Thread 3 ] DEBUG Engine               - class com.almasb.fxgl.ui.FXGLUIFactoryServiceProvider
17:27:00.747 [FXGL Background Thread 3 ] DEBUG Engine               - class com.almasb.fxgl.ui.FXGLDialogFactoryServiceProvider
17:27:00.747 [FXGL Background Thread 3 ] DEBUG Engine               - class com.almasb.fxgl.audio.AudioPlayer
17:27:00.747 [FXGL Background Thread 3 ] DEBUG Engine               - class com.almasb.fxgl.notification.impl.NotificationServiceProvider
17:27:00.747 [FXGL Background Thread 3 ] DEBUG Engine               - class com.almasb.fxgl.achievement.AchievementService
17:27:00.747 [FXGL Background Thread 3 ] DEBUG Engine               - class com.almasb.fxgl.cutscene.CutsceneService
17:27:00.747 [FXGL Background Thread 3 ] DEBUG Engine               - class com.almasb.fxgl.minigames.MiniGameService
17:27:00.747 [FXGL Background Thread 3 ] DEBUG Engine               - class com.almasb.fxgl.net.NetService
17:27:00.747 [FXGL Background Thread 3 ] DEBUG Engine               - class com.almasb.fxgl.app.services.UpdaterService
17:27:00.747 [FXGL Background Thread 3 ] DEBUG Engine               - class com.almasb.fxgl.dev.DevService
17:27:04.522 [JavaFX Application Thread] DEBUG FXGLAssetLoaderServi - Loading from file system: file:/C:/projects/JavaFxGame/build/resources/main/assets/sounds/coin.wav
17:27:13.801 [JavaFX Application Thread] DEBUG FXGLApplication      - Exiting FXGL
17:27:13.801 [JavaFX Application Thread] DEBUG LoopRunner           - Stopping loop
17:27:13.801 [JavaFX Application Thread] DEBUG SystemBundleService  - Saving FXGL system data
17:27:13.802 [JavaFX Application Thread] DEBUG FileSystemAccess     - Writing to: C:\projects\JavaFxGame\system\fxgl.bundle
17:27:13.804 [JavaFX Application Thread] DEBUG Async                - Shutting down background threads
17:27:13.804 [JavaFX Application Thread] DEBUG PrimaryStageWindow   - Closing main window
17:27:13.824 [JavaFX Application Thread] DEBUG Logger               - Closing Logger
